0 info it worked if it ends with ok
1 verbose cli [ 'C:\\Program Files\\nodejs\\node.exe',
1 verbose cli   'C:\\Program Files\\nodejs\\node_modules\\npm\\bin\\npm-cli.js',
1 verbose cli   'run',
1 verbose cli   'build',
1 verbose cli   '--scripts-prepend-node-path=auto' ]
2 info using npm@3.10.10
3 info using node@v6.12.3
4 verbose run-script [ 'prebuild', 'build', 'postbuild' ]
5 info lifecycle Semma@0.0.1~prebuild: Semma@0.0.1
6 silly lifecycle Semma@0.0.1~prebuild: no script for prebuild, continuing
7 info lifecycle Semma@0.0.1~build: Semma@0.0.1
8 verbose lifecycle Semma@0.0.1~build: unsafe-perm in lifecycle true
9 verbose lifecycle Semma@0.0.1~build: PATH: C:\Users\MarcAnderson\AppData\Roaming\nvm\v6.12.3\node_modules\npm\bin\node-gyp-bin;D:\WebstormProjects\Semma\SDB\node_modules\.bin;C:\Windows\system32;C:\Windows;C:\Windows\System32\Wbem;C:\Windows\System32\WindowsPowerShell\v1.0\;C:\WINDOWS\system32;C:\WINDOWS;C:\WINDOWS\System32\Wbem;C:\WINDOWS\System32\WindowsPowerShell\v1.0\;C:\Program Files (x86)\Common Files\Seagate\SnapAPI\;C:\Program Files (x86)\Skype\Phone\;C:\Program Files (x86)\NVIDIA Corporation\PhysX\Common;C:\Program Files\Git\cmd;%NVM_HOME%;%NVM_SYMLINK%;C:\WINDOWS\system32;C:\WINDOWS;C:\WINDOWS\System32\Wbem;C:\WINDOWS\System32\WindowsPowerShell\v1.0\;C:\WINDOWS\System32\OpenSSH\;;C:\Users\MarcAnderson\AppData\Local\Microsoft\WindowsApps;C:\Program Files\Microsoft VS Code\bin;C:\Users\MarcAnderson\AppData\Roaming\nvm;C:\Program Files\nodejs;C:\Users\MarcAnderson\AppData\Local\Programs\Fiddler;C:\Users\MarcAnderson\AppData\Local\Microsoft\WindowsApps;C:\Users\MarcAnderson\AppData\Local\Keybase\
10 verbose lifecycle Semma@0.0.1~build: CWD: D:\WebstormProjects\Semma\SDB
11 silly lifecycle Semma@0.0.1~build: Args: [ '/d /s /c', 'webpack --mode=development' ]
12 silly lifecycle Semma@0.0.1~build: Returned: code: 1  signal: null
13 info lifecycle Semma@0.0.1~build: Failed to exec build script
14 verbose stack Error: Semma@0.0.1 build: `webpack --mode=development`
14 verbose stack Exit status 1
14 verbose stack     at EventEmitter.<anonymous> (C:\Users\MarcAnderson\AppData\Roaming\nvm\v6.12.3\node_modules\npm\lib\utils\lifecycle.js:255:16)
14 verbose stack     at emitTwo (events.js:106:13)
14 verbose stack     at EventEmitter.emit (events.js:191:7)
14 verbose stack     at ChildProcess.<anonymous> (C:\Users\MarcAnderson\AppData\Roaming\nvm\v6.12.3\node_modules\npm\lib\utils\spawn.js:40:14)
14 verbose stack     at emitTwo (events.js:106:13)
14 verbose stack     at ChildProcess.emit (events.js:191:7)
14 verbose stack     at maybeClose (internal/child_process.js:920:16)
14 verbose stack     at Process.ChildProcess._handle.onexit (internal/child_process.js:230:5)
15 verbose pkgid Semma@0.0.1
16 verbose cwd D:\WebstormProjects\Semma\SDB
17 error Windows_NT 10.0.17134
18 error argv "C:\\Program Files\\nodejs\\node.exe" "C:\\Program Files\\nodejs\\node_modules\\npm\\bin\\npm-cli.js" "run" "build" "--scripts-prepend-node-path=auto"
19 error node v6.12.3
20 error npm  v3.10.10
21 error code ELIFECYCLE
22 error Semma@0.0.1 build: `webpack --mode=development`
22 error Exit status 1
23 error Failed at the Semma@0.0.1 build script 'webpack --mode=development'.
23 error Make sure you have the latest version of node.js and npm installed.
23 error If you do, this is most likely a problem with the Semma package,
23 error not with npm itself.
23 error Tell the author that this fails on your system:
23 error     webpack --mode=development
23 error You can get information on how to open an issue for this project with:
23 error     npm bugs Semma
23 error Or if that isn't available, you can get their info via:
23 error     npm owner ls Semma
23 error There is likely additional logging output above.
24 verbose exit [ 1, true ]
